<?xml version="1.0" encoding="UTF-8"?>
<testsuite xmlns:xsi="http://www.w3.org/2001/XMLSchema-instance" xsi:noNamespaceSchemaLocation="https://maven.apache.org/surefire/maven-surefire-plugin/xsd/surefire-test-report.xsd" name="com.gis.AppTest" time="0.01" tests="1" errors="0" skipped="0" failures="0">
  <properties>
    <property name="java.specification.version" value="17"/>
    <property name="sun.jnu.encoding" value="UTF-8"/>
    <property name="java.class.path" value="/Users/raiseonemore/Projects/Java_Project/gisdemo/target/test-classes:/Users/raiseonemore/Projects/Java_Project/gisdemo/target/classes:/Users/raiseonemore/.m2/repository/junit/junit/4.11/junit-4.11.jar:/Users/raiseonemore/.m2/repository/org/hamcrest/hamcrest-core/1.3/hamcrest-core-1.3.jar:/Users/raiseonemore/.m2/repository/org/geotools/gt-main/26.0/gt-main-26.0.jar:/Users/raiseonemore/.m2/repository/org/geotools/gt-http/26.0/gt-http-26.0.jar:/Users/raiseonemore/.m2/repository/org/apache/commons/commons-text/1.6/commons-text-1.6.jar:/Users/raiseonemore/.m2/repository/com/fasterxml/jackson/core/jackson-core/2.10.5/jackson-core-2.10.5.jar:/Users/raiseonemore/.m2/repository/javax/media/jai_core/1.1.3/jai_core-1.1.3.jar:/Users/raiseonemore/.m2/repository/org/geotools/gt-shapefile/26.0/gt-shapefile-26.0.jar:/Users/raiseonemore/.m2/repository/org/geotools/gt-geojson/26.0/gt-geojson-26.0.jar:/Users/raiseonemore/.m2/repository/com/googlecode/json-simple/json-simple/1.1.1/json-simple-1.1.1.jar:/Users/raiseonemore/.m2/repository/org/apache/commons/commons-lang3/3.8.1/commons-lang3-3.8.1.jar:/Users/raiseonemore/.m2/repository/org/geotools/gt-referencing/26.0/gt-referencing-26.0.jar:/Users/raiseonemore/.m2/repository/org/ejml/ejml-ddense/0.34/ejml-ddense-0.34.jar:/Users/raiseonemore/.m2/repository/org/ejml/ejml-core/0.34/ejml-core-0.34.jar:/Users/raiseonemore/.m2/repository/commons-pool/commons-pool/1.5.4/commons-pool-1.5.4.jar:/Users/raiseonemore/.m2/repository/org/geotools/gt-metadata/26.0/gt-metadata-26.0.jar:/Users/raiseonemore/.m2/repository/org/geotools/gt-opengis/26.0/gt-opengis-26.0.jar:/Users/raiseonemore/.m2/repository/systems/uom/systems-common/2.0.2/systems-common-2.0.2.jar:/Users/raiseonemore/.m2/repository/javax/measure/unit-api/2.0/unit-api-2.0.jar:/Users/raiseonemore/.m2/repository/tech/units/indriya/2.0.2/indriya-2.0.2.jar:/Users/raiseonemore/.m2/repository/tech/uom/lib/uom-lib-common/2.0/uom-lib-common-2.0.jar:/Users/raiseonemore/.m2/repository/javax/inject/javax.inject/1/javax.inject-1.jar:/Users/raiseonemore/.m2/repository/si/uom/si-quantity/2.0.1/si-quantity-2.0.1.jar:/Users/raiseonemore/.m2/repository/si/uom/si-units/2.0.1/si-units-2.0.1.jar:/Users/raiseonemore/.m2/repository/jakarta/annotation/jakarta.annotation-api/1.3.4/jakarta.annotation-api-1.3.4.jar:/Users/raiseonemore/.m2/repository/org/geotools/ogc/net.opengis.ows/26.0/net.opengis.ows-26.0.jar:/Users/raiseonemore/.m2/repository/org/geotools/ogc/org.w3.xlink/26.0/org.w3.xlink-26.0.jar:/Users/raiseonemore/.m2/repository/org/eclipse/emf/org.eclipse.emf.common/2.15.0/org.eclipse.emf.common-2.15.0.jar:/Users/raiseonemore/.m2/repository/org/eclipse/emf/org.eclipse.emf.ecore/2.15.0/org.eclipse.emf.ecore-2.15.0.jar:/Users/raiseonemore/.m2/repository/org/eclipse/emf/org.eclipse.emf.ecore.xmi/2.15.0/org.eclipse.emf.ecore.xmi-2.15.0.jar:/Users/raiseonemore/.m2/repository/it/geosolutions/jgridshift/jgridshift-core/1.3/jgridshift-core-1.3.jar:/Users/raiseonemore/.m2/repository/net/sf/geographiclib/GeographicLib-Java/1.49/GeographicLib-Java-1.49.jar:/Users/raiseonemore/.m2/repository/org/geotools/gt-swing/26.0/gt-swing-26.0.jar:/Users/raiseonemore/.m2/repository/org/geotools/gt-render/26.0/gt-render-26.0.jar:/Users/raiseonemore/.m2/repository/org/geotools/gt-coverage/26.0/gt-coverage-26.0.jar:/Users/raiseonemore/.m2/repository/javax/media/jai_imageio/1.1/jai_imageio-1.1.jar:/Users/raiseonemore/.m2/repository/it/geosolutions/imageio-ext/imageio-ext-tiff/1.3.10/imageio-ext-tiff-1.3.10.jar:/Users/raiseonemore/.m2/repository/it/geosolutions/imageio-ext/imageio-ext-utilities/1.3.10/imageio-ext-utilities-1.3.10.jar:/Users/raiseonemore/.m2/repository/it/geosolutions/imageio-ext/imageio-ext-geocore/1.3.10/imageio-ext-geocore-1.3.10.jar:/Users/raiseonemore/.m2/repository/javax/xml/bind/jaxb-api/2.4.0-b180830.0359/jaxb-api-2.4.0-b180830.0359.jar:/Users/raiseonemore/.m2/repository/it/geosolutions/imageio-ext/imageio-ext-streams/1.3.10/imageio-ext-streams-1.3.10.jar:/Users/raiseonemore/.m2/repository/org/glassfish/jaxb/jaxb-runtime/2.4.0-b180830.0438/jaxb-runtime-2.4.0-b180830.0438.jar:/Users/raiseonemore/.m2/repository/org/glassfish/jaxb/txw2/2.4.0-b180830.0438/txw2-2.4.0-b180830.0438.jar:/Users/raiseonemore/.m2/repository/com/sun/istack/istack-commons-runtime/3.0.7/istack-commons-runtime-3.0.7.jar:/Users/raiseonemore/.m2/repository/org/jvnet/staxex/stax-ex/1.8/stax-ex-1.8.jar:/Users/raiseonemore/.m2/repository/com/sun/xml/fastinfoset/FastInfoset/1.2.15/FastInfoset-1.2.15.jar:/Users/raiseonemore/.m2/repository/javax/activation/javax.activation-api/1.2.0/javax.activation-api-1.2.0.jar:/Users/raiseonemore/.m2/repository/io/airlift/aircompressor/0.20/aircompressor-0.20.jar:/Users/raiseonemore/.m2/repository/javax/media/jai_codec/1.1.3/jai_codec-1.1.3.jar:/Users/raiseonemore/.m2/repository/org/jaitools/jt-zonalstats/1.6.0/jt-zonalstats-1.6.0.jar:/Users/raiseonemore/.m2/repository/org/jaitools/jt-utils/1.6.0/jt-utils-1.6.0.jar:/Users/raiseonemore/.m2/repository/it/geosolutions/jaiext/affine/jt-affine/1.1.20/jt-affine-1.1.20.jar:/Users/raiseonemore/.m2/repository/it/geosolutions/jaiext/algebra/jt-algebra/1.1.20/jt-algebra-1.1.20.jar:/Users/raiseonemore/.m2/repository/it/geosolutions/jaiext/bandmerge/jt-bandmerge/1.1.20/jt-bandmerge-1.1.20.jar:/Users/raiseonemore/.m2/repository/it/geosolutions/jaiext/bandselect/jt-bandselect/1.1.20/jt-bandselect-1.1.20.jar:/Users/raiseonemore/.m2/repository/it/geosolutions/jaiext/bandcombine/jt-bandcombine/1.1.20/jt-bandcombine-1.1.20.jar:/Users/raiseonemore/.m2/repository/it/geosolutions/jaiext/border/jt-border/1.1.20/jt-border-1.1.20.jar:/Users/raiseonemore/.m2/repository/it/geosolutions/jaiext/buffer/jt-buffer/1.1.20/jt-buffer-1.1.20.jar:/Users/raiseonemore/.m2/repository/it/geosolutions/jaiext/crop/jt-crop/1.1.20/jt-crop-1.1.20.jar:/Users/raiseonemore/.m2/repository/it/geosolutions/jaiext/iterators/jt-iterators/1.1.20/jt-iterators-1.1.20.jar:/Users/raiseonemore/.m2/repository/it/geosolutions/jaiext/lookup/jt-lookup/1.1.20/jt-lookup-1.1.20.jar:/Users/raiseonemore/.m2/repository/it/geosolutions/jaiext/mosaic/jt-mosaic/1.1.20/jt-mosaic-1.1.20.jar:/Users/raiseonemore/.m2/repository/it/geosolutions/jaiext/nullop/jt-nullop/1.1.20/jt-nullop-1.1.20.jar:/Users/raiseonemore/.m2/repository/it/geosolutions/jaiext/rescale/jt-rescale/1.1.20/jt-rescale-1.1.20.jar:/Users/raiseonemore/.m2/repository/it/geosolutions/jaiext/scale/jt-scale/1.1.20/jt-scale-1.1.20.jar:/Users/raiseonemore/.m2/repository/it/geosolutions/jaiext/scale2/jt-scale2/1.1.20/jt-scale2-1.1.20.jar:/Users/raiseonemore/.m2/repository/org/huldra/math/bigint/0.7.1/bigint-0.7.1.jar:/Users/raiseonemore/.m2/repository/it/geosolutions/jaiext/stats/jt-stats/1.1.20/jt-stats-1.1.20.jar:/Users/raiseonemore/.m2/repository/com/google/guava/guava/27.0-jre/guava-27.0-jre.jar:/Users/raiseonemore/.m2/repository/com/google/guava/failureaccess/1.0/failureaccess-1.0.jar:/Users/raiseonemore/.m2/repository/com/google/guava/listenablefuture/9999.0-empty-to-avoid-conflict-with-guava/listenablefuture-9999.0-empty-to-avoid-conflict-with-guava.jar:/Users/raiseonemore/.m2/repository/com/google/code/findbugs/jsr305/3.0.2/jsr305-3.0.2.jar:/Users/raiseonemore/.m2/repository/org/checkerframework/checker-qual/2.5.2/checker-qual-2.5.2.jar:/Users/raiseonemore/.m2/repository/com/google/errorprone/error_prone_annotations/2.2.0/error_prone_annotations-2.2.0.jar:/Users/raiseonemore/.m2/repository/com/google/j2objc/j2objc-annotations/1.1/j2objc-annotations-1.1.jar:/Users/raiseonemore/.m2/repository/org/codehaus/mojo/animal-sniffer-annotations/1.17/animal-sniffer-annotations-1.17.jar:/Users/raiseonemore/.m2/repository/it/geosolutions/jaiext/translate/jt-translate/1.1.20/jt-translate-1.1.20.jar:/Users/raiseonemore/.m2/repository/it/geosolutions/jaiext/utilities/jt-utilities/1.1.20/jt-utilities-1.1.20.jar:/Users/raiseonemore/.m2/repository/it/geosolutions/jaiext/warp/jt-warp/1.1.20/jt-warp-1.1.20.jar:/Users/raiseonemore/.m2/repository/it/geosolutions/jaiext/zonal/jt-zonal/1.1.20/jt-zonal-1.1.20.jar:/Users/raiseonemore/.m2/repository/it/geosolutions/jaiext/binarize/jt-binarize/1.1.20/jt-binarize-1.1.20.jar:/Users/raiseonemore/.m2/repository/it/geosolutions/jaiext/format/jt-format/1.1.20/jt-format-1.1.20.jar:/Users/raiseonemore/.m2/repository/it/geosolutions/jaiext/colorconvert/jt-colorconvert/1.1.20/jt-colorconvert-1.1.20.jar:/Users/raiseonemore/.m2/repository/it/geosolutions/jaiext/errordiffusion/jt-errordiffusion/1.1.20/jt-errordiffusion-1.1.20.jar:/Users/raiseonemore/.m2/repository/it/geosolutions/jaiext/orderdither/jt-orderdither/1.1.20/jt-orderdither-1.1.20.jar:/Users/raiseonemore/.m2/repository/it/geosolutions/jaiext/colorindexer/jt-colorindexer/1.1.20/jt-colorindexer-1.1.20.jar:/Users/raiseonemore/.m2/repository/it/geosolutions/jaiext/imagefunction/jt-imagefunction/1.1.20/jt-imagefunction-1.1.20.jar:/Users/raiseonemore/.m2/repository/it/geosolutions/jaiext/piecewise/jt-piecewise/1.1.20/jt-piecewise-1.1.20.jar:/Users/raiseonemore/.m2/repository/it/geosolutions/jaiext/classifier/jt-classifier/1.1.20/jt-classifier-1.1.20.jar:/Users/raiseonemore/.m2/repository/it/geosolutions/jaiext/rlookup/jt-rlookup/1.1.20/jt-rlookup-1.1.20.jar:/Users/raiseonemore/.m2/repository/it/geosolutions/jaiext/vectorbin/jt-vectorbin/1.1.20/jt-vectorbin-1.1.20.jar:/Users/raiseonemore/.m2/repository/it/geosolutions/jaiext/shadedrelief/jt-shadedrelief/1.1.20/jt-shadedrelief-1.1.20.jar:/Users/raiseonemore/.m2/repository/commons-io/commons-io/2.10.0/commons-io-2.10.0.jar:/Users/raiseonemore/.m2/repository/org/geotools/gt-cql/26.0/gt-cql-26.0.jar:/Users/raiseonemore/.m2/repository/com/conversantmedia/disruptor/1.2.13/disruptor-1.2.13.jar:/Users/raiseonemore/.m2/repository/org/slf4j/slf4j-api/1.7.13/slf4j-api-1.7.13.jar:/Users/raiseonemore/.m2/repository/com/miglayout/miglayout/3.7/miglayout-3.7-swing.jar:/Users/raiseonemore/.m2/repository/org/locationtech/jts/jts-core/1.18.2/jts-core-1.18.2.jar:"/>
    <property name="java.vm.vendor" value="Eclipse Adoptium"/>
    <property name="sun.arch.data.model" value="64"/>
    <property name="java.vendor.url" value="https://adoptium.net/"/>
    <property name="os.name" value="Mac OS X"/>
    <property name="java.vm.specification.version" value="17"/>
    <property name="sun.java.launcher" value="SUN_STANDARD"/>
    <property name="user.country" value="CA"/>
    <property name="sun.boot.library.path" value="/Library/Java/JavaVirtualMachines/temurin-17.jdk/Contents/Home/lib"/>
    <property name="sun.java.command" value="/Users/raiseonemore/Projects/Java_Project/gisdemo/target/surefire/surefirebooter13053548865406236669.jar /Users/raiseonemore/Projects/Java_Project/gisdemo/target/surefire 2024-09-24T10-33-30_129-jvmRun1 surefire14915632538229426676tmp surefire_01337893311187182817tmp"/>
    <property name="http.nonProxyHosts" value="local|*.local|169.254/16|*.169.254/16"/>
    <property name="jdk.debug" value="release"/>
    <property name="surefire.test.class.path" value="/Users/raiseonemore/Projects/Java_Project/gisdemo/target/test-classes:/Users/raiseonemore/Projects/Java_Project/gisdemo/target/classes:/Users/raiseonemore/.m2/repository/junit/junit/4.11/junit-4.11.jar:/Users/raiseonemore/.m2/repository/org/hamcrest/hamcrest-core/1.3/hamcrest-core-1.3.jar:/Users/raiseonemore/.m2/repository/org/geotools/gt-main/26.0/gt-main-26.0.jar:/Users/raiseonemore/.m2/repository/org/geotools/gt-http/26.0/gt-http-26.0.jar:/Users/raiseonemore/.m2/repository/org/apache/commons/commons-text/1.6/commons-text-1.6.jar:/Users/raiseonemore/.m2/repository/com/fasterxml/jackson/core/jackson-core/2.10.5/jackson-core-2.10.5.jar:/Users/raiseonemore/.m2/repository/javax/media/jai_core/1.1.3/jai_core-1.1.3.jar:/Users/raiseonemore/.m2/repository/org/geotools/gt-shapefile/26.0/gt-shapefile-26.0.jar:/Users/raiseonemore/.m2/repository/org/geotools/gt-geojson/26.0/gt-geojson-26.0.jar:/Users/raiseonemore/.m2/repository/com/googlecode/json-simple/json-simple/1.1.1/json-simple-1.1.1.jar:/Users/raiseonemore/.m2/repository/org/apache/commons/commons-lang3/3.8.1/commons-lang3-3.8.1.jar:/Users/raiseonemore/.m2/repository/org/geotools/gt-referencing/26.0/gt-referencing-26.0.jar:/Users/raiseonemore/.m2/repository/org/ejml/ejml-ddense/0.34/ejml-ddense-0.34.jar:/Users/raiseonemore/.m2/repository/org/ejml/ejml-core/0.34/ejml-core-0.34.jar:/Users/raiseonemore/.m2/repository/commons-pool/commons-pool/1.5.4/commons-pool-1.5.4.jar:/Users/raiseonemore/.m2/repository/org/geotools/gt-metadata/26.0/gt-metadata-26.0.jar:/Users/raiseonemore/.m2/repository/org/geotools/gt-opengis/26.0/gt-opengis-26.0.jar:/Users/raiseonemore/.m2/repository/systems/uom/systems-common/2.0.2/systems-common-2.0.2.jar:/Users/raiseonemore/.m2/repository/javax/measure/unit-api/2.0/unit-api-2.0.jar:/Users/raiseonemore/.m2/repository/tech/units/indriya/2.0.2/indriya-2.0.2.jar:/Users/raiseonemore/.m2/repository/tech/uom/lib/uom-lib-common/2.0/uom-lib-common-2.0.jar:/Users/raiseonemore/.m2/repository/javax/inject/javax.inject/1/javax.inject-1.jar:/Users/raiseonemore/.m2/repository/si/uom/si-quantity/2.0.1/si-quantity-2.0.1.jar:/Users/raiseonemore/.m2/repository/si/uom/si-units/2.0.1/si-units-2.0.1.jar:/Users/raiseonemore/.m2/repository/jakarta/annotation/jakarta.annotation-api/1.3.4/jakarta.annotation-api-1.3.4.jar:/Users/raiseonemore/.m2/repository/org/geotools/ogc/net.opengis.ows/26.0/net.opengis.ows-26.0.jar:/Users/raiseonemore/.m2/repository/org/geotools/ogc/org.w3.xlink/26.0/org.w3.xlink-26.0.jar:/Users/raiseonemore/.m2/repository/org/eclipse/emf/org.eclipse.emf.common/2.15.0/org.eclipse.emf.common-2.15.0.jar:/Users/raiseonemore/.m2/repository/org/eclipse/emf/org.eclipse.emf.ecore/2.15.0/org.eclipse.emf.ecore-2.15.0.jar:/Users/raiseonemore/.m2/repository/org/eclipse/emf/org.eclipse.emf.ecore.xmi/2.15.0/org.eclipse.emf.ecore.xmi-2.15.0.jar:/Users/raiseonemore/.m2/repository/it/geosolutions/jgridshift/jgridshift-core/1.3/jgridshift-core-1.3.jar:/Users/raiseonemore/.m2/repository/net/sf/geographiclib/GeographicLib-Java/1.49/GeographicLib-Java-1.49.jar:/Users/raiseonemore/.m2/repository/org/geotools/gt-swing/26.0/gt-swing-26.0.jar:/Users/raiseonemore/.m2/repository/org/geotools/gt-render/26.0/gt-render-26.0.jar:/Users/raiseonemore/.m2/repository/org/geotools/gt-coverage/26.0/gt-coverage-26.0.jar:/Users/raiseonemore/.m2/repository/javax/media/jai_imageio/1.1/jai_imageio-1.1.jar:/Users/raiseonemore/.m2/repository/it/geosolutions/imageio-ext/imageio-ext-tiff/1.3.10/imageio-ext-tiff-1.3.10.jar:/Users/raiseonemore/.m2/repository/it/geosolutions/imageio-ext/imageio-ext-utilities/1.3.10/imageio-ext-utilities-1.3.10.jar:/Users/raiseonemore/.m2/repository/it/geosolutions/imageio-ext/imageio-ext-geocore/1.3.10/imageio-ext-geocore-1.3.10.jar:/Users/raiseonemore/.m2/repository/javax/xml/bind/jaxb-api/2.4.0-b180830.0359/jaxb-api-2.4.0-b180830.0359.jar:/Users/raiseonemore/.m2/repository/it/geosolutions/imageio-ext/imageio-ext-streams/1.3.10/imageio-ext-streams-1.3.10.jar:/Users/raiseonemore/.m2/repository/org/glassfish/jaxb/jaxb-runtime/2.4.0-b180830.0438/jaxb-runtime-2.4.0-b180830.0438.jar:/Users/raiseonemore/.m2/repository/org/glassfish/jaxb/txw2/2.4.0-b180830.0438/txw2-2.4.0-b180830.0438.jar:/Users/raiseonemore/.m2/repository/com/sun/istack/istack-commons-runtime/3.0.7/istack-commons-runtime-3.0.7.jar:/Users/raiseonemore/.m2/repository/org/jvnet/staxex/stax-ex/1.8/stax-ex-1.8.jar:/Users/raiseonemore/.m2/repository/com/sun/xml/fastinfoset/FastInfoset/1.2.15/FastInfoset-1.2.15.jar:/Users/raiseonemore/.m2/repository/javax/activation/javax.activation-api/1.2.0/javax.activation-api-1.2.0.jar:/Users/raiseonemore/.m2/repository/io/airlift/aircompressor/0.20/aircompressor-0.20.jar:/Users/raiseonemore/.m2/repository/javax/media/jai_codec/1.1.3/jai_codec-1.1.3.jar:/Users/raiseonemore/.m2/repository/org/jaitools/jt-zonalstats/1.6.0/jt-zonalstats-1.6.0.jar:/Users/raiseonemore/.m2/repository/org/jaitools/jt-utils/1.6.0/jt-utils-1.6.0.jar:/Users/raiseonemore/.m2/repository/it/geosolutions/jaiext/affine/jt-affine/1.1.20/jt-affine-1.1.20.jar:/Users/raiseonemore/.m2/repository/it/geosolutions/jaiext/algebra/jt-algebra/1.1.20/jt-algebra-1.1.20.jar:/Users/raiseonemore/.m2/repository/it/geosolutions/jaiext/bandmerge/jt-bandmerge/1.1.20/jt-bandmerge-1.1.20.jar:/Users/raiseonemore/.m2/repository/it/geosolutions/jaiext/bandselect/jt-bandselect/1.1.20/jt-bandselect-1.1.20.jar:/Users/raiseonemore/.m2/repository/it/geosolutions/jaiext/bandcombine/jt-bandcombine/1.1.20/jt-bandcombine-1.1.20.jar:/Users/raiseonemore/.m2/repository/it/geosolutions/jaiext/border/jt-border/1.1.20/jt-border-1.1.20.jar:/Users/raiseonemore/.m2/repository/it/geosolutions/jaiext/buffer/jt-buffer/1.1.20/jt-buffer-1.1.20.jar:/Users/raiseonemore/.m2/repository/it/geosolutions/jaiext/crop/jt-crop/1.1.20/jt-crop-1.1.20.jar:/Users/raiseonemore/.m2/repository/it/geosolutions/jaiext/iterators/jt-iterators/1.1.20/jt-iterators-1.1.20.jar:/Users/raiseonemore/.m2/repository/it/geosolutions/jaiext/lookup/jt-lookup/1.1.20/jt-lookup-1.1.20.jar:/Users/raiseonemore/.m2/repository/it/geosolutions/jaiext/mosaic/jt-mosaic/1.1.20/jt-mosaic-1.1.20.jar:/Users/raiseonemore/.m2/repository/it/geosolutions/jaiext/nullop/jt-nullop/1.1.20/jt-nullop-1.1.20.jar:/Users/raiseonemore/.m2/repository/it/geosolutions/jaiext/rescale/jt-rescale/1.1.20/jt-rescale-1.1.20.jar:/Users/raiseonemore/.m2/repository/it/geosolutions/jaiext/scale/jt-scale/1.1.20/jt-scale-1.1.20.jar:/Users/raiseonemore/.m2/repository/it/geosolutions/jaiext/scale2/jt-scale2/1.1.20/jt-scale2-1.1.20.jar:/Users/raiseonemore/.m2/repository/org/huldra/math/bigint/0.7.1/bigint-0.7.1.jar:/Users/raiseonemore/.m2/repository/it/geosolutions/jaiext/stats/jt-stats/1.1.20/jt-stats-1.1.20.jar:/Users/raiseonemore/.m2/repository/com/google/guava/guava/27.0-jre/guava-27.0-jre.jar:/Users/raiseonemore/.m2/repository/com/google/guava/failureaccess/1.0/failureaccess-1.0.jar:/Users/raiseonemore/.m2/repository/com/google/guava/listenablefuture/9999.0-empty-to-avoid-conflict-with-guava/listenablefuture-9999.0-empty-to-avoid-conflict-with-guava.jar:/Users/raiseonemore/.m2/repository/com/google/code/findbugs/jsr305/3.0.2/jsr305-3.0.2.jar:/Users/raiseonemore/.m2/repository/org/checkerframework/checker-qual/2.5.2/checker-qual-2.5.2.jar:/Users/raiseonemore/.m2/repository/com/google/errorprone/error_prone_annotations/2.2.0/error_prone_annotations-2.2.0.jar:/Users/raiseonemore/.m2/repository/com/google/j2objc/j2objc-annotations/1.1/j2objc-annotations-1.1.jar:/Users/raiseonemore/.m2/repository/org/codehaus/mojo/animal-sniffer-annotations/1.17/animal-sniffer-annotations-1.17.jar:/Users/raiseonemore/.m2/repository/it/geosolutions/jaiext/translate/jt-translate/1.1.20/jt-translate-1.1.20.jar:/Users/raiseonemore/.m2/repository/it/geosolutions/jaiext/utilities/jt-utilities/1.1.20/jt-utilities-1.1.20.jar:/Users/raiseonemore/.m2/repository/it/geosolutions/jaiext/warp/jt-warp/1.1.20/jt-warp-1.1.20.jar:/Users/raiseonemore/.m2/repository/it/geosolutions/jaiext/zonal/jt-zonal/1.1.20/jt-zonal-1.1.20.jar:/Users/raiseonemore/.m2/repository/it/geosolutions/jaiext/binarize/jt-binarize/1.1.20/jt-binarize-1.1.20.jar:/Users/raiseonemore/.m2/repository/it/geosolutions/jaiext/format/jt-format/1.1.20/jt-format-1.1.20.jar:/Users/raiseonemore/.m2/repository/it/geosolutions/jaiext/colorconvert/jt-colorconvert/1.1.20/jt-colorconvert-1.1.20.jar:/Users/raiseonemore/.m2/repository/it/geosolutions/jaiext/errordiffusion/jt-errordiffusion/1.1.20/jt-errordiffusion-1.1.20.jar:/Users/raiseonemore/.m2/repository/it/geosolutions/jaiext/orderdither/jt-orderdither/1.1.20/jt-orderdither-1.1.20.jar:/Users/raiseonemore/.m2/repository/it/geosolutions/jaiext/colorindexer/jt-colorindexer/1.1.20/jt-colorindexer-1.1.20.jar:/Users/raiseonemore/.m2/repository/it/geosolutions/jaiext/imagefunction/jt-imagefunction/1.1.20/jt-imagefunction-1.1.20.jar:/Users/raiseonemore/.m2/repository/it/geosolutions/jaiext/piecewise/jt-piecewise/1.1.20/jt-piecewise-1.1.20.jar:/Users/raiseonemore/.m2/repository/it/geosolutions/jaiext/classifier/jt-classifier/1.1.20/jt-classifier-1.1.20.jar:/Users/raiseonemore/.m2/repository/it/geosolutions/jaiext/rlookup/jt-rlookup/1.1.20/jt-rlookup-1.1.20.jar:/Users/raiseonemore/.m2/repository/it/geosolutions/jaiext/vectorbin/jt-vectorbin/1.1.20/jt-vectorbin-1.1.20.jar:/Users/raiseonemore/.m2/repository/it/geosolutions/jaiext/shadedrelief/jt-shadedrelief/1.1.20/jt-shadedrelief-1.1.20.jar:/Users/raiseonemore/.m2/repository/commons-io/commons-io/2.10.0/commons-io-2.10.0.jar:/Users/raiseonemore/.m2/repository/org/geotools/gt-cql/26.0/gt-cql-26.0.jar:/Users/raiseonemore/.m2/repository/com/conversantmedia/disruptor/1.2.13/disruptor-1.2.13.jar:/Users/raiseonemore/.m2/repository/org/slf4j/slf4j-api/1.7.13/slf4j-api-1.7.13.jar:/Users/raiseonemore/.m2/repository/com/miglayout/miglayout/3.7/miglayout-3.7-swing.jar:/Users/raiseonemore/.m2/repository/org/locationtech/jts/jts-core/1.18.2/jts-core-1.18.2.jar:"/>
    <property name="sun.cpu.endian" value="little"/>
    <property name="user.home" value="/Users/raiseonemore"/>
    <property name="user.language" value="en"/>
    <property name="java.specification.vendor" value="Oracle Corporation"/>
    <property name="java.version.date" value="2024-07-16"/>
    <property name="java.home" value="/Library/Java/JavaVirtualMachines/temurin-17.jdk/Contents/Home"/>
    <property name="file.separator" value="/"/>
    <property name="basedir" value="/Users/raiseonemore/Projects/Java_Project/gisdemo"/>
    <property name="java.vm.compressedOopsMode" value="Zero based"/>
    <property name="line.separator" value="&#10;"/>
    <property name="java.specification.name" value="Java Platform API Specification"/>
    <property name="java.vm.specification.vendor" value="Oracle Corporation"/>
    <property name="surefire.real.class.path" value="/Users/raiseonemore/Projects/Java_Project/gisdemo/target/surefire/surefirebooter13053548865406236669.jar"/>
    <property name="sun.management.compiler" value="HotSpot 64-Bit Tiered Compilers"/>
    <property name="ftp.nonProxyHosts" value="local|*.local|169.254/16|*.169.254/16"/>
    <property name="java.runtime.version" value="17.0.12+7"/>
    <property name="user.name" value="raiseonemore"/>
    <property name="path.separator" value=":"/>
    <property name="os.version" value="14.2.1"/>
    <property name="java.runtime.name" value="OpenJDK Runtime Environment"/>
    <property name="file.encoding" value="UTF-8"/>
    <property name="java.vm.name" value="OpenJDK 64-Bit Server VM"/>
    <property name="java.vendor.version" value="Temurin-17.0.12+7"/>
    <property name="localRepository" value="/Users/raiseonemore/.m2/repository"/>
    <property name="java.vendor.url.bug" value="https://github.com/adoptium/adoptium-support/issues"/>
    <property name="java.io.tmpdir" value="/var/folders/8v/xndvk7mn37v8rwj7063xj2p40000gn/T/"/>
    <property name="java.version" value="17.0.12"/>
    <property name="user.dir" value="/Users/raiseonemore/Projects/Java_Project/gisdemo"/>
    <property name="os.arch" value="aarch64"/>
    <property name="java.vm.specification.name" value="Java Virtual Machine Specification"/>
    <property name="native.encoding" value="UTF-8"/>
    <property name="java.library.path" value="/Users/raiseonemore/Library/Java/Extensions:/Library/Java/Extensions:/Network/Library/Java/Extensions:/System/Library/Java/Extensions:/usr/lib/java:."/>
    <property name="java.vm.info" value="mixed mode"/>
    <property name="java.vendor" value="Eclipse Adoptium"/>
    <property name="java.vm.version" value="17.0.12+7"/>
    <property name="sun.io.unicode.encoding" value="UnicodeBig"/>
    <property name="socksNonProxyHosts" value="local|*.local|169.254/16|*.169.254/16"/>
    <property name="java.class.version" value="61.0"/>
  </properties>
  <testcase name="shouldAnswerWithTrue" classname="com.gis.AppTest" time="0.001"/>
</testsuite>